<?xml version="1.0" encoding="UTF-8"?>
<testng-results ignored="0" total="1" passed="1" failed="0" skipped="0">
  <reporter-output>
  </reporter-output>
  <suite started-at="2022-03-24T14:25:39 IST" name="Default suite" finished-at="2022-03-24T14:25:40 IST" duration-ms="107">
    <groups>
    </groups>
    <test started-at="2022-03-24T14:25:39 IST" name="Default test" finished-at="2022-03-24T14:25:40 IST" duration-ms="107">
      <class name="com.crm.VTiger.PratcieTestCases.CreateProductsTest">
        <test-method signature="createProduct()[pri:0, instance:com.crm.VTiger.PratcieTestCases.CreateProductsTest@69e1dd28]" started-at="2022-03-24T14:25:40 IST" name="createProduct" finished-at="2022-03-24T14:25:40 IST" duration-ms="17" status="PASS">
          <reporter-output>
          </reporter-output>
        </test-method> <!-- createProduct -->
      </class> <!-- com.crm.VTiger.PratcieTestCases.CreateProductsTest -->
    </test> <!-- Default test -->
  </suite> <!-- Default suite -->
</testng-results>
